<?xml version="1.0" encoding="UTF-8"?>
<!-- Generated by org.testng.reporters.JUnitReportReporter -->
<testsuite skipped="0" hostname="ANIS" name="cogmentocrmApp.QA.TestCases.CRM_ContactsTest" tests="6" failures="0" timestamp="10 Oct 2020 15:03:35 GMT" time="15.757" errors="0">
  <testcase name="fillupContactsForm" time="3.856" classname="cogmentocrmApp.QA.TestCases.CRM_ContactsTest"/>
  <testcase name="fillupContactsForm" time="2.419" classname="cogmentocrmApp.QA.TestCases.CRM_ContactsTest"/>
  <testcase name="fillupContactsForm" time="3.417" classname="cogmentocrmApp.QA.TestCases.CRM_ContactsTest"/>
  <testcase name="fillupContactsForm" time="2.601" classname="cogmentocrmApp.QA.TestCases.CRM_ContactsTest"/>
  <testcase name="fillupContactsForm" time="3.457" classname="cogmentocrmApp.QA.TestCases.CRM_ContactsTest"/>
  <testcase name="logoutuser" time="0.007" classname="cogmentocrmApp.QA.TestCases.CRM_ContactsTest"/>
</testsuite> <!-- cogmentocrmApp.QA.TestCases.CRM_ContactsTest -->
