<?xml version="1.0" encoding="UTF-8"?>
<!-- Generated by org.testng.reporters.JUnitReportReporter -->
<testsuite skipped="0" hostname="ANIS" name="cogmentocrmApp.QA.TestCases.CRM_ContactsTest" tests="6" failures="0" timestamp="10 Oct 2020 17:57:36 GMT" time="15.725" errors="0">
  <testcase name="fillupContactsForm" time="3.869" classname="cogmentocrmApp.QA.TestCases.CRM_ContactsTest"/>
  <testcase name="fillupContactsForm" time="2.320" classname="cogmentocrmApp.QA.TestCases.CRM_ContactsTest"/>
  <testcase name="fillupContactsForm" time="3.296" classname="cogmentocrmApp.QA.TestCases.CRM_ContactsTest"/>
  <testcase name="fillupContactsForm" time="3.336" classname="cogmentocrmApp.QA.TestCases.CRM_ContactsTest"/>
  <testcase name="fillupContactsForm" time="2.374" classname="cogmentocrmApp.QA.TestCases.CRM_ContactsTest"/>
  <testcase name="logoutuser" time="0.530" classname="cogmentocrmApp.QA.TestCases.CRM_ContactsTest"/>
</testsuite> <!-- cogmentocrmApp.QA.TestCases.CRM_ContactsTest -->
